<?xml version="1.0" encoding="UTF-8"?>
<beans xmlns="http://www.springframework.org/schema/beans"
       xmlns:xsi="http://www.w3.org/2001/XMLSchema-instance"
       xmlns:context="http://www.springframework.org/schema/context"
       xsi:schemaLocation="http://www.springframework.org/schema/beans
       http://www.springframework.org/schema/beans/spring-beans.xsd http://www.springframework.org/schema/context http://www.springframework.org/schema/context/spring-context.xsd">

    <!--<context:component-scan base-package="com.segniertomato.work.dao"/>-->

    <context:property-placeholder location="classpath*:database.properties, classpath*:queries.properties"/>

    <import resource="classpath*:test-spring-db.xml"/>

    <bean id="investigationDao" class="com.segniertomato.work.dao.InvestigationDaoImpl" lazy-init="true">
        <constructor-arg ref="dataSource"/>
    </bean>

    <bean id="employeeDao" class="com.segniertomato.work.dao.EmployeeDaoImpl" lazy-init="true">
        <constructor-arg ref="dataSource"/>
    </bean>
</beans>