<?xml version="1.0" encoding="UTF-8"?>
<beans xmlns="http://www.springframework.org/schema/beans"
       xmlns:xsi="http://www.w3.org/2001/XMLSchema-instance"
       xmlns:context="http://www.springframework.org/schema/context"
       xsi:schemaLocation="http://www.springframework.org/schema/beans
       http://www.springframework.org/schema/beans/spring-beans.xsd http://www.springframework.org/schema/context http://www.springframework.org/schema/context/spring-context.xsd">

    <!--Searching filters example-->
    <!--<context:component-scan base-package="com.epam.trainning">-->
    <!--<context:exclude-filter type="assignable" expression="com.epam.trainning.util.Pair"/>-->
    <!--</context:component-scan>-->
    <!--<context:property-placeholder location="database.properties"/>-->

    <import resource="classpath*:test-spring-db.xml"/>

    <bean class="org.springframework.beans.factory.config.PropertyPlaceholderConfigurer">
        <property name="locations">
            <list>
                <value>classpath:database.properties</value>
                <value>classpath:queries.properties</value>
            </list>
        </property>
    </bean>

    <bean id="userDAO" class="com.epam.trainning.dao.UserDaoImpl">
        <constructor-arg ref="dataSource"/>
    </bean>
</beans>